0 info it worked if it ends with ok
1 verbose cli [ '/Users/Joe/.nvm/v0.10.26/bin/node',
1 verbose cli   '/Users/Joe/.nvm/v0.10.26/bin/npm',
1 verbose cli   'run',
1 verbose cli   'production:clean' ]
2 info using npm@1.4.3
3 info using node@v0.10.26
4 verbose run-script [ 'preproduction:clean',
4 verbose run-script   'production:clean',
4 verbose run-script   'postproduction:clean' ]
5 info preproduction:clean watchlist@0.0.1
6 info production:clean watchlist@0.0.1
7 verbose unsafe-perm in lifecycle true
8 info watchlist@0.0.1 Failed to exec production:clean script
9 error watchlist@0.0.1 production:clean: `rm src/bundle.js`
9 error Exit status 1
10 error Failed at the watchlist@0.0.1 production:clean script.
10 error This is most likely a problem with the watchlist package,
10 error not with npm itself.
10 error Tell the author that this fails on your system:
10 error     rm src/bundle.js
10 error You can get their info via:
10 error     npm owner ls watchlist
10 error There is likely additional logging output above.
11 error System Darwin 14.0.0
12 error command "/Users/Joe/.nvm/v0.10.26/bin/node" "/Users/Joe/.nvm/v0.10.26/bin/npm" "run" "production:clean"
13 error cwd /Users/Joe/Sites/watchlist
14 error node -v v0.10.26
15 error npm -v 1.4.3
16 error code ELIFECYCLE
17 verbose exit [ 1, true ]
